<?xml version="1.0" encoding="UTF-8"?>
<coverage generated="1773848963643" clover="3.2.0">
  <project timestamp="1773848963643" name="All files">
    <metrics statements="206" coveredstatements="203" conditionals="28" coveredconditionals="22" methods="69" coveredmethods="68" elements="303" coveredelements="293" complexity="0" loc="206" ncloc="206" packages="7" files="13" classes="13"/>
    <package name="2452-project">
      <metrics statements="0" coveredstatements="0" conditionals="0" coveredconditionals="0" methods="0" coveredmethods="0"/>
      <file name="create-tables.sql" path="C:\Users\Moulik\Documents\CODING\2452-project\create-tables.sql">
        <metrics statements="0" coveredstatements="0" conditionals="0" coveredconditionals="0" methods="0" coveredmethods="0"/>
      </file>
    </package>
    <package name="2452-project.src">
      <metrics statements="3" coveredstatements="1" conditionals="2" coveredconditionals="1" methods="2" coveredmethods="1"/>
      <file name="assertion.ts" path="C:\Users\Moulik\Documents\CODING\2452-project\src\assertion.ts">
        <metrics statements="3" coveredstatements="1" conditionals="2" coveredconditionals="1" methods="2" coveredmethods="1"/>
        <line num="2" count="458" type="cond" truecount="1" falsecount="1"/>
        <line num="3" count="0" type="stmt"/>
        <line num="9" count="0" type="stmt"/>
      </file>
    </package>
    <package name="2452-project.src.Account">
      <metrics statements="41" coveredstatements="41" conditionals="4" coveredconditionals="4" methods="13" coveredmethods="13"/>
      <file name="Account.ts" path="C:\Users\Moulik\Documents\CODING\2452-project\src\Account\Account.ts">
        <metrics statements="41" coveredstatements="41" conditionals="4" coveredconditionals="4" methods="13" coveredmethods="13"/>
        <line num="12" count="37" type="stmt"/>
        <line num="13" count="37" type="stmt"/>
        <line num="14" count="37" type="stmt"/>
        <line num="18" count="17" type="stmt"/>
        <line num="22" count="29" type="stmt"/>
        <line num="26" count="1" type="stmt"/>
        <line num="30" count="1" type="stmt"/>
        <line num="34" count="8" type="stmt"/>
        <line num="36" count="8" type="stmt"/>
        <line num="37" count="8" type="stmt"/>
        <line num="39" count="8" type="stmt"/>
        <line num="40" count="8" type="stmt"/>
        <line num="42" count="8" type="stmt"/>
        <line num="47" count="8" type="cond" truecount="2" falsecount="0"/>
        <line num="48" count="7" type="stmt"/>
        <line num="54" count="8" type="stmt"/>
        <line num="58" count="19" type="stmt"/>
        <line num="59" count="480" type="stmt"/>
        <line num="64" count="3" type="stmt"/>
        <line num="65" count="48" type="stmt"/>
        <line num="68" count="3" type="stmt"/>
        <line num="73" count="4" type="stmt"/>
        <line num="84" count="4" type="cond" truecount="2" falsecount="0"/>
        <line num="85" count="1" type="stmt"/>
        <line num="88" count="3" type="stmt"/>
        <line num="90" count="3" type="stmt"/>
        <line num="91" count="3" type="stmt"/>
        <line num="92" count="3" type="stmt"/>
        <line num="93" count="3" type="stmt"/>
        <line num="97" count="8" type="stmt"/>
        <line num="99" count="8" type="stmt"/>
        <line num="107" count="8" type="stmt"/>
        <line num="109" count="8" type="stmt"/>
        <line num="120" count="8" type="stmt"/>
        <line num="127" count="3" type="stmt"/>
        <line num="129" count="3" type="stmt"/>
        <line num="137" count="3" type="stmt"/>
        <line num="138" count="3" type="stmt"/>
        <line num="140" count="3" type="stmt"/>
        <line num="151" count="3" type="stmt"/>
        <line num="153" count="3" type="stmt"/>
      </file>
    </package>
    <package name="2452-project.src.model">
      <metrics statements="6" coveredstatements="6" conditionals="4" coveredconditionals="2" methods="1" coveredmethods="1"/>
      <file name="connection.ts" path="C:\Users\Moulik\Documents\CODING\2452-project\src\model\connection.ts">
        <metrics statements="6" coveredstatements="6" conditionals="4" coveredconditionals="2" methods="1" coveredmethods="1"/>
        <line num="5" count="6" type="cond" truecount="1" falsecount="1"/>
        <line num="9" count="6" type="stmt"/>
        <line num="11" count="6" type="stmt"/>
        <line num="13" count="6" type="cond" truecount="1" falsecount="1"/>
        <line num="15" count="6" type="stmt"/>
        <line num="19" count="37" type="stmt"/>
      </file>
    </package>
    <package name="2452-project.src.model.Building">
      <metrics statements="19" coveredstatements="19" conditionals="0" coveredconditionals="0" methods="8" coveredmethods="8"/>
      <file name="Building.ts" path="C:\Users\Moulik\Documents\CODING\2452-project\src\model\Building\Building.ts">
        <metrics statements="7" coveredstatements="7" conditionals="0" coveredconditionals="0" methods="6" coveredmethods="6"/>
        <line num="7" count="84" type="stmt"/>
        <line num="10" count="12" type="stmt"/>
        <line num="14" count="7" type="stmt"/>
        <line num="18" count="11" type="stmt"/>
        <line num="22" count="5" type="stmt"/>
        <line num="26" count="8" type="stmt"/>
        <line num="30" count="4" type="stmt"/>
      </file>
      <file name="DataCentre.ts" path="C:\Users\Moulik\Documents\CODING\2452-project\src\model\Building\DataCentre.ts">
        <metrics statements="6" coveredstatements="6" conditionals="0" coveredconditionals="0" methods="1" coveredmethods="1"/>
        <line num="4" count="6" type="stmt"/>
        <line num="5" count="6" type="stmt"/>
        <line num="8" count="42" type="stmt"/>
        <line num="9" count="42" type="stmt"/>
        <line num="10" count="42" type="stmt"/>
        <line num="11" count="42" type="stmt"/>
      </file>
      <file name="MemoryLeak.ts" path="C:\Users\Moulik\Documents\CODING\2452-project\src\model\Building\MemoryLeak.ts">
        <metrics statements="6" coveredstatements="6" conditionals="0" coveredconditionals="0" methods="1" coveredmethods="1"/>
        <line num="4" count="6" type="stmt"/>
        <line num="5" count="6" type="stmt"/>
        <line num="8" count="42" type="stmt"/>
        <line num="9" count="42" type="stmt"/>
        <line num="10" count="42" type="stmt"/>
        <line num="11" count="42" type="stmt"/>
      </file>
    </package>
    <package name="2452-project.src.model.Player">
      <metrics statements="112" coveredstatements="111" conditionals="18" coveredconditionals="15" methods="36" coveredmethods="36"/>
      <file name="InsufficientBadCodeError.ts" path="C:\Users\Moulik\Documents\CODING\2452-project\src\model\Player\InsufficientBadCodeError.ts">
        <metrics statements="1" coveredstatements="1" conditionals="0" coveredconditionals="0" methods="1" coveredmethods="1"/>
        <line num="3" count="6" type="stmt"/>
      </file>
      <file name="InvalidAmountError.ts" path="C:\Users\Moulik\Documents\CODING\2452-project\src\model\Player\InvalidAmountError.ts">
        <metrics statements="2" coveredstatements="2" conditionals="0" coveredconditionals="0" methods="1" coveredmethods="1"/>
        <line num="3" count="3" type="stmt"/>
        <line num="4" count="3" type="stmt"/>
      </file>
      <file name="Player.ts" path="C:\Users\Moulik\Documents\CODING\2452-project\src\model\Player\Player.ts">
        <metrics statements="109" coveredstatements="108" conditionals="18" coveredconditionals="15" methods="34" coveredmethods="34"/>
        <line num="30" count="199" type="stmt"/>
        <line num="34" count="199" type="stmt"/>
        <line num="42" count="40" type="stmt"/>
        <line num="43" count="40" type="stmt"/>
        <line num="44" count="40" type="stmt"/>
        <line num="45" count="40" type="stmt"/>
        <line num="46" count="40" type="stmt"/>
        <line num="47" count="40" type="stmt"/>
        <line num="48" count="40" type="stmt"/>
        <line num="49" count="40" type="stmt"/>
        <line num="50" count="40" type="stmt"/>
        <line num="51" count="40" type="stmt"/>
        <line num="52" count="40" type="stmt"/>
        <line num="56" count="2" type="stmt"/>
        <line num="57" count="2" type="stmt"/>
        <line num="58" count="2" type="stmt"/>
        <line num="59" count="2" type="stmt"/>
        <line num="60" count="2" type="stmt"/>
        <line num="67" count="4" type="stmt"/>
        <line num="77" count="2" type="stmt"/>
        <line num="93" count="2" type="stmt"/>
        <line num="94" count="2" type="stmt"/>
        <line num="101" count="4" type="stmt"/>
        <line num="109" count="4" type="stmt"/>
        <line num="119" count="2" type="stmt"/>
        <line num="120" count="2" type="stmt"/>
        <line num="121" count="2" type="stmt"/>
        <line num="128" count="2" type="stmt"/>
        <line num="140" count="2" type="cond" truecount="1" falsecount="1"/>
        <line num="141" count="0" type="stmt"/>
        <line num="144" count="2" type="stmt"/>
        <line num="145" count="2" type="stmt"/>
        <line num="146" count="2" type="stmt"/>
        <line num="148" count="2" type="stmt"/>
        <line num="149" count="2" type="stmt"/>
        <line num="151" count="2" type="stmt"/>
        <line num="155" count="2" type="stmt"/>
        <line num="165" count="2" type="stmt"/>
        <line num="166" count="4" type="cond" truecount="2" falsecount="0"/>
        <line num="167" count="2" type="stmt"/>
        <line num="168" count="2" type="cond" truecount="1" falsecount="1"/>
        <line num="169" count="2" type="stmt"/>
        <line num="175" count="2" type="stmt"/>
        <line num="185" count="2" type="stmt"/>
        <line num="186" count="4" type="cond" truecount="2" falsecount="0"/>
        <line num="187" count="2" type="stmt"/>
        <line num="188" count="2" type="cond" truecount="1" falsecount="1"/>
        <line num="189" count="2" type="stmt"/>
        <line num="195" count="5" type="stmt"/>
        <line num="199" count="18" type="stmt"/>
        <line num="203" count="2" type="stmt"/>
        <line num="207" count="16" type="stmt"/>
        <line num="211" count="9" type="stmt"/>
        <line num="215" count="9" type="stmt"/>
        <line num="219" count="7" type="stmt"/>
        <line num="223" count="8" type="stmt"/>
        <line num="227" count="5" type="stmt"/>
        <line num="231" count="5" type="stmt"/>
        <line num="232" count="5" type="stmt"/>
        <line num="236" count="5" type="stmt"/>
        <line num="237" count="5" type="stmt"/>
        <line num="241" count="4" type="stmt"/>
        <line num="242" count="4" type="stmt"/>
        <line num="246" count="1" type="stmt"/>
        <line num="247" count="1" type="stmt"/>
        <line num="253" count="10" type="stmt"/>
        <line num="255" count="10" type="stmt"/>
        <line num="257" count="10" type="stmt"/>
        <line num="258" count="10" type="stmt"/>
        <line num="260" count="10" type="stmt"/>
        <line num="265" count="8" type="stmt"/>
        <line num="267" count="8" type="stmt"/>
        <line num="269" count="8" type="stmt"/>
        <line num="274" count="15" type="stmt"/>
        <line num="276" count="15" type="stmt"/>
        <line num="278" count="15" type="stmt"/>
        <line num="279" count="15" type="stmt"/>
        <line num="283" count="5" type="stmt"/>
        <line num="285" count="5" type="stmt"/>
        <line num="286" count="5" type="stmt"/>
        <line num="287" count="5" type="stmt"/>
        <line num="289" count="5" type="stmt"/>
        <line num="290" count="5" type="stmt"/>
        <line num="294" count="6" type="stmt"/>
        <line num="296" count="6" type="cond" truecount="2" falsecount="0"/>
        <line num="297" count="1" type="stmt"/>
        <line num="300" count="5" type="stmt"/>
        <line num="302" count="5" type="stmt"/>
        <line num="303" count="5" type="stmt"/>
        <line num="308" count="19" type="stmt"/>
        <line num="310" count="19" type="cond" truecount="2" falsecount="0"/>
        <line num="311" count="1" type="stmt"/>
        <line num="313" count="18" type="cond" truecount="2" falsecount="0"/>
        <line num="314" count="6" type="stmt"/>
        <line num="317" count="12" type="stmt"/>
        <line num="319" count="12" type="stmt"/>
        <line num="320" count="12" type="stmt"/>
        <line num="324" count="1" type="stmt"/>
        <line num="326" count="1" type="stmt"/>
        <line num="328" count="1" type="stmt"/>
        <line num="329" count="1" type="stmt"/>
        <line num="334" count="22" type="stmt"/>
        <line num="336" count="22" type="cond" truecount="2" falsecount="0"/>
        <line num="337" count="1" type="stmt"/>
        <line num="339" count="21" type="stmt"/>
        <line num="341" count="21" type="stmt"/>
        <line num="342" count="21" type="stmt"/>
        <line num="347" count="1" type="stmt"/>
        <line num="352" count="68" type="stmt"/>
      </file>
    </package>
    <package name="2452-project.src.model.Upgrade">
      <metrics statements="25" coveredstatements="25" conditionals="0" coveredconditionals="0" methods="9" coveredmethods="9"/>
      <file name="AIFacilitatedChatBot.ts" path="C:\Users\Moulik\Documents\CODING\2452-project\src\model\Upgrade\AIFacilitatedChatBot.ts">
        <metrics statements="6" coveredstatements="6" conditionals="0" coveredconditionals="0" methods="1" coveredmethods="1"/>
        <line num="6" count="6" type="stmt"/>
        <line num="7" count="6" type="stmt"/>
        <line num="11" count="40" type="stmt"/>
        <line num="12" count="40" type="stmt"/>
        <line num="13" count="40" type="stmt"/>
        <line num="14" count="40" type="stmt"/>
      </file>
      <file name="Upgrade.ts" path="C:\Users\Moulik\Documents\CODING\2452-project\src\model\Upgrade\Upgrade.ts">
        <metrics statements="13" coveredstatements="13" conditionals="0" coveredconditionals="0" methods="7" coveredmethods="7"/>
        <line num="10" count="80" type="stmt"/>
        <line num="13" count="20" type="stmt"/>
        <line num="14" count="20" type="stmt"/>
        <line num="18" count="20" type="stmt"/>
        <line num="22" count="14" type="stmt"/>
        <line num="26" count="12" type="stmt"/>
        <line num="30" count="12" type="stmt"/>
        <line num="34" count="8" type="stmt"/>
        <line num="38" count="8" type="stmt"/>
        <line num="39" count="8" type="stmt"/>
        <line num="40" count="8" type="stmt"/>
        <line num="44" count="4" type="stmt"/>
        <line num="45" count="4" type="stmt"/>
      </file>
      <file name="VibeCodingIntern.ts" path="C:\Users\Moulik\Documents\CODING\2452-project\src\model\Upgrade\VibeCodingIntern.ts">
        <metrics statements="6" coveredstatements="6" conditionals="0" coveredconditionals="0" methods="1" coveredmethods="1"/>
        <line num="7" count="6" type="stmt"/>
        <line num="8" count="6" type="stmt"/>
        <line num="12" count="40" type="stmt"/>
        <line num="13" count="40" type="stmt"/>
        <line num="14" count="40" type="stmt"/>
        <line num="15" count="40" type="stmt"/>
      </file>
    </package>
  </project>
</coverage>
