<?xml version="1.0" encoding="UTF-8"?>
<coverage generated="1770491257700" clover="3.2.0">
  <project timestamp="1770491257700" name="All files">
    <metrics statements="59" coveredstatements="57" conditionals="10" coveredconditionals="8" methods="21" coveredmethods="20" elements="90" coveredelements="85" complexity="0" loc="59" ncloc="59" packages="3" files="7" classes="7"/>
    <package name="src">
      <metrics statements="3" coveredstatements="1" conditionals="2" coveredconditionals="1" methods="2" coveredmethods="1"/>
      <file name="assertion.ts" path="C:\Users\Moulik\Documents\CODING\2452-project\src\assertion.ts">
        <metrics statements="3" coveredstatements="1" conditionals="2" coveredconditionals="1" methods="2" coveredmethods="1"/>
        <line num="2" count="302" type="cond" truecount="1" falsecount="1"/>
        <line num="3" count="0" type="stmt"/>
        <line num="9" count="0" type="stmt"/>
      </file>
    </package>
    <package name="src.model.Player">
      <metrics statements="32" coveredstatements="32" conditionals="8" coveredconditionals="7" methods="12" coveredmethods="12"/>
      <file name="InsufficientBadCodeError.ts" path="C:\Users\Moulik\Documents\CODING\2452-project\src\model\Player\InsufficientBadCodeError.ts">
        <metrics statements="1" coveredstatements="1" conditionals="0" coveredconditionals="0" methods="1" coveredmethods="1"/>
        <line num="3" count="4" type="stmt"/>
      </file>
      <file name="InvalidAmountError.ts" path="C:\Users\Moulik\Documents\CODING\2452-project\src\model\Player\InvalidAmountError.ts">
        <metrics statements="2" coveredstatements="2" conditionals="0" coveredconditionals="0" methods="1" coveredmethods="1"/>
        <line num="3" count="3" type="stmt"/>
        <line num="4" count="3" type="stmt"/>
      </file>
      <file name="Player.ts" path="C:\Users\Moulik\Documents\CODING\2452-project\src\model\Player\Player.ts">
        <metrics statements="29" coveredstatements="29" conditionals="8" coveredconditionals="7" methods="10" coveredmethods="10"/>
        <line num="15" count="100" type="stmt"/>
        <line num="19" count="100" type="stmt"/>
        <line num="27" count="19" type="stmt"/>
        <line num="28" count="19" type="stmt"/>
        <line num="29" count="19" type="stmt"/>
        <line num="30" count="19" type="stmt"/>
        <line num="34" count="10" type="stmt"/>
        <line num="38" count="6" type="stmt"/>
        <line num="43" count="11" type="stmt"/>
        <line num="45" count="11" type="stmt"/>
        <line num="47" count="11" type="stmt"/>
        <line num="48" count="11" type="stmt"/>
        <line num="53" count="14" type="stmt"/>
        <line num="55" count="14" type="cond" truecount="2" falsecount="0"/>
        <line num="56" count="1" type="stmt"/>
        <line num="58" count="13" type="cond" truecount="2" falsecount="0"/>
        <line num="59" count="4" type="stmt"/>
        <line num="62" count="9" type="stmt"/>
        <line num="64" count="9" type="stmt"/>
        <line num="65" count="9" type="stmt"/>
        <line num="70" count="19" type="stmt"/>
        <line num="72" count="19" type="cond" truecount="2" falsecount="0"/>
        <line num="73" count="2" type="stmt"/>
        <line num="75" count="17" type="stmt"/>
        <line num="77" count="17" type="stmt"/>
        <line num="78" count="17" type="stmt"/>
        <line num="83" count="1" type="cond" truecount="1" falsecount="1"/>
        <line num="84" count="1" type="stmt"/>
        <line num="90" count="37" type="stmt"/>
      </file>
    </package>
    <package name="src.model.Upgrade">
      <metrics statements="24" coveredstatements="24" conditionals="0" coveredconditionals="0" methods="7" coveredmethods="7"/>
      <file name="AIFacilitatedChatBot.ts" path="C:\Users\Moulik\Documents\CODING\2452-project\src\model\Upgrade\AIFacilitatedChatBot.ts">
        <metrics statements="5" coveredstatements="5" conditionals="0" coveredconditionals="0" methods="1" coveredmethods="1"/>
        <line num="6" count="1" type="stmt"/>
        <line num="7" count="1" type="stmt"/>
        <line num="11" count="4" type="stmt"/>
        <line num="12" count="4" type="stmt"/>
        <line num="13" count="4" type="stmt"/>
      </file>
      <file name="Upgrade.ts" path="C:\Users\Moulik\Documents\CODING\2452-project\src\model\Upgrade\Upgrade.ts">
        <metrics statements="14" coveredstatements="14" conditionals="0" coveredconditionals="0" methods="5" coveredmethods="5"/>
        <line num="9" count="8" type="stmt"/>
        <line num="12" count="34" type="stmt"/>
        <line num="13" count="34" type="stmt"/>
        <line num="17" count="34" type="stmt"/>
        <line num="21" count="2" type="stmt"/>
        <line num="25" count="4" type="stmt"/>
        <line num="31" count="10" type="stmt"/>
        <line num="33" count="10" type="stmt"/>
        <line num="34" count="10" type="stmt"/>
        <line num="35" count="10" type="stmt"/>
        <line num="37" count="10" type="stmt"/>
        <line num="42" count="8" type="stmt"/>
        <line num="44" count="8" type="stmt"/>
        <line num="46" count="8" type="stmt"/>
      </file>
      <file name="VibeCodingIntern.ts" path="C:\Users\Moulik\Documents\CODING\2452-project\src\model\Upgrade\VibeCodingIntern.ts">
        <metrics statements="5" coveredstatements="5" conditionals="0" coveredconditionals="0" methods="1" coveredmethods="1"/>
        <line num="6" count="1" type="stmt"/>
        <line num="7" count="1" type="stmt"/>
        <line num="11" count="4" type="stmt"/>
        <line num="12" count="4" type="stmt"/>
        <line num="13" count="4" type="stmt"/>
      </file>
    </package>
  </project>
</coverage>
