{"C:\\Users\\Moulik\\Documents\\CODING\\2452-project\\src\\model\\Player\\BadCodeCountError.ts": {"path":"C:\\Users\\Moulik\\Documents\\CODING\\2452-project\\src\\model\\Player\\BadCodeCountError.ts","statementMap":{"0":{"start":{"line":3,"column":4},"end":{"line":3,"column":null}}},"fnMap":{"0":{"name":"(anonymous_0)","decl":{"start":{"line":2,"column":2},"end":{"line":2,"column":16}},"loc":{"start":{"line":2,"column":16},"end":{"line":4,"column":null}},"line":2}},"branchMap":{},"s":{"0":0},"f":{"0":0},"b":{},"meta":{"lastBranch":0,"lastFunction":1,"lastStatement":1,"seen":{"f:2:2:2:16":0,"s:3:4:3:Infinity":0}}}
,"C:\\Users\\Moulik\\Documents\\CODING\\2452-project\\src\\model\\Player\\InsufficientBadCodeError.ts": {"path":"C:\\Users\\Moulik\\Documents\\CODING\\2452-project\\src\\model\\Player\\InsufficientBadCodeError.ts","statementMap":{"0":{"start":{"line":3,"column":4},"end":{"line":3,"column":null}}},"fnMap":{"0":{"name":"(anonymous_0)","decl":{"start":{"line":2,"column":2},"end":{"line":2,"column":16}},"loc":{"start":{"line":2,"column":16},"end":{"line":4,"column":null}},"line":2}},"branchMap":{},"s":{"0":2},"f":{"0":2},"b":{},"meta":{"lastBranch":0,"lastFunction":1,"lastStatement":1,"seen":{"f:2:2:2:16":0,"s:3:4:3:Infinity":0}}}
,"C:\\Users\\Moulik\\Documents\\CODING\\2452-project\\src\\model\\Player\\InvalidAmountError.ts": {"path":"C:\\Users\\Moulik\\Documents\\CODING\\2452-project\\src\\model\\Player\\InvalidAmountError.ts","statementMap":{"0":{"start":{"line":3,"column":4},"end":{"line":3,"column":null}},"1":{"start":{"line":4,"column":4},"end":{"line":4,"column":null}}},"fnMap":{"0":{"name":"(anonymous_0)","decl":{"start":{"line":2,"column":2},"end":{"line":2,"column":16}},"loc":{"start":{"line":2,"column":16},"end":{"line":5,"column":null}},"line":2}},"branchMap":{},"s":{"0":3,"1":3},"f":{"0":3},"b":{},"meta":{"lastBranch":0,"lastFunction":1,"lastStatement":2,"seen":{"f:2:2:2:16":0,"s:3:4:3:Infinity":0,"s:4:4:4:Infinity":1}}}
,"C:\\Users\\Moulik\\Documents\\CODING\\2452-project\\src\\model\\Player\\InvalidClickPowerError.ts": {"path":"C:\\Users\\Moulik\\Documents\\CODING\\2452-project\\src\\model\\Player\\InvalidClickPowerError.ts","statementMap":{"0":{"start":{"line":3,"column":4},"end":{"line":3,"column":null}},"1":{"start":{"line":4,"column":4},"end":{"line":4,"column":null}}},"fnMap":{"0":{"name":"(anonymous_0)","decl":{"start":{"line":2,"column":2},"end":{"line":2,"column":14}},"loc":{"start":{"line":2,"column":66},"end":{"line":5,"column":null}},"line":2}},"branchMap":{"0":{"loc":{"start":{"line":2,"column":14},"end":{"line":2,"column":66}},"type":"default-arg","locations":[{"start":{"line":2,"column":32},"end":{"line":2,"column":66}}],"line":2}},"s":{"0":0,"1":0},"f":{"0":0},"b":{"0":[0]},"meta":{"lastBranch":1,"lastFunction":1,"lastStatement":2,"seen":{"f:2:2:2:14":0,"b:2:32:2:66":0,"s:3:4:3:Infinity":0,"s:4:4:4:Infinity":1}}}
,"C:\\Users\\Moulik\\Documents\\CODING\\2452-project\\src\\model\\Player\\Player.ts": {"path":"C:\\Users\\Moulik\\Documents\\CODING\\2452-project\\src\\model\\Player\\Player.ts","statementMap":{"0":{"start":{"line":13,"column":4},"end":{"line":13,"column":null}},"1":{"start":{"line":14,"column":4},"end":{"line":14,"column":null}},"2":{"start":{"line":15,"column":4},"end":{"line":15,"column":null}},"3":{"start":{"line":16,"column":4},"end":{"line":16,"column":null}},"4":{"start":{"line":20,"column":4},"end":{"line":20,"column":null}},"5":{"start":{"line":24,"column":4},"end":{"line":24,"column":null}},"6":{"start":{"line":28,"column":4},"end":{"line":28,"column":null}},"7":{"start":{"line":29,"column":4},"end":{"line":29,"column":null}},"8":{"start":{"line":30,"column":4},"end":{"line":30,"column":null}},"9":{"start":{"line":34,"column":4},"end":{"line":34,"column":null}},"10":{"start":{"line":35,"column":4},"end":{"line":37,"column":null}},"11":{"start":{"line":36,"column":6},"end":{"line":36,"column":null}},"12":{"start":{"line":38,"column":4},"end":{"line":40,"column":null}},"13":{"start":{"line":39,"column":6},"end":{"line":39,"column":null}},"14":{"start":{"line":42,"column":4},"end":{"line":42,"column":null}},"15":{"start":{"line":43,"column":4},"end":{"line":43,"column":null}},"16":{"start":{"line":44,"column":4},"end":{"line":44,"column":null}},"17":{"start":{"line":48,"column":4},"end":{"line":48,"column":null}},"18":{"start":{"line":49,"column":4},"end":{"line":51,"column":null}},"19":{"start":{"line":50,"column":6},"end":{"line":50,"column":null}},"20":{"start":{"line":52,"column":4},"end":{"line":52,"column":null}},"21":{"start":{"line":53,"column":4},"end":{"line":53,"column":null}},"22":{"start":{"line":54,"column":4},"end":{"line":54,"column":null}},"23":{"start":{"line":58,"column":4},"end":{"line":58,"column":null}},"24":{"start":{"line":62,"column":4},"end":{"line":62,"column":null}},"25":{"start":{"line":62,"column":35},"end":{"line":62,"column":45}},"26":{"start":{"line":66,"column":4},"end":{"line":68,"column":null}},"27":{"start":{"line":67,"column":6},"end":{"line":67,"column":null}},"28":{"start":{"line":69,"column":4},"end":{"line":71,"column":null}},"29":{"start":{"line":70,"column":6},"end":{"line":70,"column":null}}},"fnMap":{"0":{"name":"(anonymous_0)","decl":{"start":{"line":12,"column":2},"end":{"line":12,"column":16}},"loc":{"start":{"line":12,"column":16},"end":{"line":17,"column":null}},"line":12},"1":{"name":"(anonymous_1)","decl":{"start":{"line":19,"column":6},"end":{"line":19,"column":16}},"loc":{"start":{"line":19,"column":16},"end":{"line":21,"column":null}},"line":19},"2":{"name":"(anonymous_2)","decl":{"start":{"line":23,"column":6},"end":{"line":23,"column":19}},"loc":{"start":{"line":23,"column":19},"end":{"line":25,"column":null}},"line":23},"3":{"name":"(anonymous_3)","decl":{"start":{"line":27,"column":2},"end":{"line":27,"column":14}},"loc":{"start":{"line":27,"column":14},"end":{"line":31,"column":null}},"line":27},"4":{"name":"(anonymous_4)","decl":{"start":{"line":33,"column":2},"end":{"line":33,"column":8}},"loc":{"start":{"line":33,"column":24},"end":{"line":45,"column":null}},"line":33},"5":{"name":"(anonymous_5)","decl":{"start":{"line":47,"column":2},"end":{"line":47,"column":21}},"loc":{"start":{"line":47,"column":37},"end":{"line":55,"column":null}},"line":47},"6":{"name":"(anonymous_6)","decl":{"start":{"line":57,"column":2},"end":{"line":57,"column":19}},"loc":{"start":{"line":57,"column":39},"end":{"line":59,"column":null}},"line":57},"7":{"name":"(anonymous_7)","decl":{"start":{"line":61,"column":2},"end":{"line":61,"column":15}},"loc":{"start":{"line":61,"column":15},"end":{"line":63,"column":null}},"line":61},"8":{"name":"(anonymous_8)","decl":{"start":{"line":62,"column":28},"end":{"line":62,"column":29}},"loc":{"start":{"line":62,"column":35},"end":{"line":62,"column":45}},"line":62},"9":{"name":"(anonymous_9)","decl":{"start":{"line":65,"column":2},"end":{"line":65,"column":21}},"loc":{"start":{"line":65,"column":21},"end":{"line":72,"column":null}},"line":65}},"branchMap":{"0":{"loc":{"start":{"line":35,"column":4},"end":{"line":37,"column":null}},"type":"if","locations":[{"start":{"line":35,"column":4},"end":{"line":37,"column":null}},{"start":{},"end":{}}],"line":35},"1":{"loc":{"start":{"line":38,"column":4},"end":{"line":40,"column":null}},"type":"if","locations":[{"start":{"line":38,"column":4},"end":{"line":40,"column":null}},{"start":{},"end":{}}],"line":38},"2":{"loc":{"start":{"line":49,"column":4},"end":{"line":51,"column":null}},"type":"if","locations":[{"start":{"line":49,"column":4},"end":{"line":51,"column":null}},{"start":{},"end":{}}],"line":49},"3":{"loc":{"start":{"line":66,"column":4},"end":{"line":68,"column":null}},"type":"if","locations":[{"start":{"line":66,"column":4},"end":{"line":68,"column":null}},{"start":{},"end":{}}],"line":66},"4":{"loc":{"start":{"line":69,"column":4},"end":{"line":71,"column":null}},"type":"if","locations":[{"start":{"line":69,"column":4},"end":{"line":71,"column":null}},{"start":{},"end":{}}],"line":69}},"s":{"0":11,"1":11,"2":11,"3":11,"4":4,"5":2,"6":5,"7":5,"8":5,"9":4,"10":4,"11":1,"12":3,"13":2,"14":1,"15":1,"16":1,"17":5,"18":5,"19":2,"20":3,"21":3,"22":3,"23":1,"24":9,"25":1,"26":29,"27":0,"28":29,"29":0},"f":{"0":11,"1":4,"2":2,"3":5,"4":4,"5":5,"6":1,"7":9,"8":1,"9":29},"b":{"0":[1,3],"1":[2,1],"2":[2,3],"3":[0,29],"4":[0,29]},"meta":{"lastBranch":5,"lastFunction":10,"lastStatement":30,"seen":{"f:12:2:12:16":0,"s:13:4:13:Infinity":0,"s:14:4:14:Infinity":1,"s:15:4:15:Infinity":2,"s:16:4:16:Infinity":3,"f:19:6:19:16":1,"s:20:4:20:Infinity":4,"f:23:6:23:19":2,"s:24:4:24:Infinity":5,"f:27:2:27:14":3,"s:28:4:28:Infinity":6,"s:29:4:29:Infinity":7,"s:30:4:30:Infinity":8,"f:33:2:33:8":4,"s:34:4:34:Infinity":9,"b:35:4:37:Infinity:undefined:undefined:undefined:undefined":0,"s:35:4:37:Infinity":10,"s:36:6:36:Infinity":11,"b:38:4:40:Infinity:undefined:undefined:undefined:undefined":1,"s:38:4:40:Infinity":12,"s:39:6:39:Infinity":13,"s:42:4:42:Infinity":14,"s:43:4:43:Infinity":15,"s:44:4:44:Infinity":16,"f:47:2:47:21":5,"s:48:4:48:Infinity":17,"b:49:4:51:Infinity:undefined:undefined:undefined:undefined":2,"s:49:4:51:Infinity":18,"s:50:6:50:Infinity":19,"s:52:4:52:Infinity":20,"s:53:4:53:Infinity":21,"s:54:4:54:Infinity":22,"f:57:2:57:19":6,"s:58:4:58:Infinity":23,"f:61:2:61:15":7,"s:62:4:62:Infinity":24,"f:62:28:62:29":8,"s:62:35:62:45":25,"f:65:2:65:21":9,"b:66:4:68:Infinity:undefined:undefined:undefined:undefined":3,"s:66:4:68:Infinity":26,"s:67:6:67:Infinity":27,"b:69:4:71:Infinity:undefined:undefined:undefined:undefined":4,"s:69:4:71:Infinity":28,"s:70:6:70:Infinity":29}}}
}
