{"C:\\Users\\Moulik\\Documents\\CODING\\2452-project\\create-tables.sql": {"path":"C:\\Users\\Moulik\\Documents\\CODING\\2452-project\\create-tables.sql","statementMap":{},"fnMap":{},"branchMap":{},"s":{},"f":{},"b":{},"meta":{"lastBranch":0,"lastFunction":0,"lastStatement":0,"seen":{}}}
,"C:\\Users\\Moulik\\Documents\\CODING\\2452-project\\src\\assertion.ts": {"path":"C:\\Users\\Moulik\\Documents\\CODING\\2452-project\\src\\assertion.ts","statementMap":{"0":{"start":{"line":2,"column":2},"end":{"line":4,"column":null}},"1":{"start":{"line":3,"column":4},"end":{"line":3,"column":null}},"2":{"start":{"line":9,"column":4},"end":{"line":9,"column":null}}},"fnMap":{"0":{"name":"assert","decl":{"start":{"line":1,"column":16},"end":{"line":1,"column":23}},"loc":{"start":{"line":1,"column":63},"end":{"line":5,"column":null}},"line":1},"1":{"name":"(anonymous_1)","decl":{"start":{"line":8,"column":2},"end":{"line":8,"column":14}},"loc":{"start":{"line":8,"column":31},"end":{"line":10,"column":null}},"line":8}},"branchMap":{"0":{"loc":{"start":{"line":2,"column":2},"end":{"line":4,"column":null}},"type":"if","locations":[{"start":{"line":2,"column":2},"end":{"line":4,"column":null}},{"start":{},"end":{}}],"line":2}},"s":{"0":244,"1":0,"2":0},"f":{"0":244,"1":0},"b":{"0":[0,244]},"meta":{"lastBranch":1,"lastFunction":2,"lastStatement":3,"seen":{"f:1:16:1:23":0,"b:2:2:4:Infinity:undefined:undefined:undefined:undefined":0,"s:2:2:4:Infinity":0,"s:3:4:3:Infinity":1,"f:8:2:8:14":1,"s:9:4:9:Infinity":2}}}
,"C:\\Users\\Moulik\\Documents\\CODING\\2452-project\\src\\Account\\Account.ts": {"path":"C:\\Users\\Moulik\\Documents\\CODING\\2452-project\\src\\Account\\Account.ts","statementMap":{"0":{"start":{"line":20,"column":4},"end":{"line":20,"column":null}},"1":{"start":{"line":21,"column":4},"end":{"line":21,"column":null}},"2":{"start":{"line":22,"column":4},"end":{"line":22,"column":null}},"3":{"start":{"line":27,"column":4},"end":{"line":27,"column":null}},"4":{"start":{"line":32,"column":4},"end":{"line":32,"column":null}},"5":{"start":{"line":37,"column":4},"end":{"line":37,"column":null}},"6":{"start":{"line":42,"column":4},"end":{"line":42,"column":null}},"7":{"start":{"line":52,"column":27},"end":{"line":52,"column":null}},"8":{"start":{"line":54,"column":20},"end":{"line":54,"column":null}},"9":{"start":{"line":55,"column":20},"end":{"line":55,"column":null}},"10":{"start":{"line":57,"column":4},"end":{"line":57,"column":null}},"11":{"start":{"line":58,"column":4},"end":{"line":58,"column":null}},"12":{"start":{"line":61,"column":21},"end":{"line":64,"column":null}},"13":{"start":{"line":67,"column":4},"end":{"line":72,"column":null}},"14":{"start":{"line":68,"column":6},"end":{"line":71,"column":null}},"15":{"start":{"line":74,"column":4},"end":{"line":74,"column":null}},"16":{"start":{"line":81,"column":4},"end":{"line":83,"column":null}},"17":{"start":{"line":82,"column":18},"end":{"line":82,"column":49}},"18":{"start":{"line":90,"column":18},"end":{"line":92,"column":null}},"19":{"start":{"line":91,"column":42},"end":{"line":91,"column":60}},"20":{"start":{"line":94,"column":4},"end":{"line":94,"column":null}},"21":{"start":{"line":102,"column":20},"end":{"line":111,"column":null}},"22":{"start":{"line":113,"column":4},"end":{"line":115,"column":null}},"23":{"start":{"line":114,"column":6},"end":{"line":114,"column":null}},"24":{"start":{"line":117,"column":16},"end":{"line":117,"column":null}},"25":{"start":{"line":120,"column":20},"end":{"line":120,"column":null}},"26":{"start":{"line":121,"column":4},"end":{"line":121,"column":null}},"27":{"start":{"line":122,"column":4},"end":{"line":122,"column":null}},"28":{"start":{"line":124,"column":4},"end":{"line":124,"column":null}},"29":{"start":{"line":132,"column":16},"end":{"line":132,"column":null}},"30":{"start":{"line":135,"column":24},"end":{"line":141,"column":null}},"31":{"start":{"line":143,"column":17},"end":{"line":143,"column":null}},"32":{"start":{"line":146,"column":24},"end":{"line":155,"column":null}},"33":{"start":{"line":157,"column":4},"end":{"line":160,"column":null}},"34":{"start":{"line":168,"column":16},"end":{"line":168,"column":null}},"35":{"start":{"line":171,"column":24},"end":{"line":177,"column":null}},"36":{"start":{"line":179,"column":20},"end":{"line":179,"column":null}},"37":{"start":{"line":182,"column":22},"end":{"line":182,"column":null}},"38":{"start":{"line":185,"column":24},"end":{"line":194,"column":null}},"39":{"start":{"line":196,"column":20},"end":{"line":196,"column":null}},"40":{"start":{"line":199,"column":4},"end":{"line":199,"column":null}}},"fnMap":{"0":{"name":"(anonymous_0)","decl":{"start":{"line":19,"column":2},"end":{"line":19,"column":14}},"loc":{"start":{"line":19,"column":50},"end":{"line":23,"column":null}},"line":19},"1":{"name":"(anonymous_1)","decl":{"start":{"line":26,"column":6},"end":{"line":26,"column":25}},"loc":{"start":{"line":26,"column":25},"end":{"line":28,"column":null}},"line":26},"2":{"name":"(anonymous_2)","decl":{"start":{"line":31,"column":6},"end":{"line":31,"column":23}},"loc":{"start":{"line":31,"column":23},"end":{"line":33,"column":null}},"line":31},"3":{"name":"(anonymous_3)","decl":{"start":{"line":36,"column":6},"end":{"line":36,"column":25}},"loc":{"start":{"line":36,"column":25},"end":{"line":38,"column":null}},"line":36},"4":{"name":"(anonymous_4)","decl":{"start":{"line":41,"column":6},"end":{"line":41,"column":13}},"loc":{"start":{"line":41,"column":29},"end":{"line":43,"column":null}},"line":41},"5":{"name":"(anonymous_5)","decl":{"start":{"line":51,"column":22},"end":{"line":51,"column":34}},"loc":{"start":{"line":51,"column":70},"end":{"line":75,"column":null}},"line":51},"6":{"name":"(anonymous_6)","decl":{"start":{"line":80,"column":2},"end":{"line":80,"column":9}},"loc":{"start":{"line":80,"column":36},"end":{"line":84,"column":null}},"line":80},"7":{"name":"(anonymous_7)","decl":{"start":{"line":82,"column":11},"end":{"line":82,"column":12}},"loc":{"start":{"line":82,"column":18},"end":{"line":82,"column":49}},"line":82},"8":{"name":"(anonymous_8)","decl":{"start":{"line":89,"column":2},"end":{"line":89,"column":10}},"loc":{"start":{"line":89,"column":35},"end":{"line":95,"column":null}},"line":89},"9":{"name":"(anonymous_9)","decl":{"start":{"line":91,"column":32},"end":{"line":91,"column":33}},"loc":{"start":{"line":91,"column":42},"end":{"line":91,"column":60}},"line":91},"10":{"name":"(anonymous_10)","decl":{"start":{"line":101,"column":22},"end":{"line":101,"column":34}},"loc":{"start":{"line":101,"column":77},"end":{"line":125,"column":null}},"line":101},"11":{"name":"(anonymous_11)","decl":{"start":{"line":131,"column":8},"end":{"line":131,"column":21}},"loc":{"start":{"line":131,"column":39},"end":{"line":161,"column":null}},"line":131},"12":{"name":"(anonymous_12)","decl":{"start":{"line":167,"column":8},"end":{"line":167,"column":23}},"loc":{"start":{"line":167,"column":64},"end":{"line":201,"column":null}},"line":167}},"branchMap":{"0":{"loc":{"start":{"line":67,"column":4},"end":{"line":72,"column":null}},"type":"if","locations":[{"start":{"line":67,"column":4},"end":{"line":72,"column":null}},{"start":{},"end":{}}],"line":67},"1":{"loc":{"start":{"line":113,"column":4},"end":{"line":115,"column":null}},"type":"if","locations":[{"start":{"line":113,"column":4},"end":{"line":115,"column":null}},{"start":{},"end":{}}],"line":113}},"s":{"0":37,"1":37,"2":37,"3":17,"4":29,"5":1,"6":1,"7":8,"8":8,"9":8,"10":8,"11":8,"12":8,"13":8,"14":7,"15":8,"16":19,"17":480,"18":3,"19":48,"20":3,"21":4,"22":4,"23":1,"24":3,"25":3,"26":3,"27":3,"28":3,"29":8,"30":8,"31":8,"32":8,"33":8,"34":3,"35":3,"36":3,"37":3,"38":3,"39":3,"40":3},"f":{"0":37,"1":17,"2":29,"3":1,"4":1,"5":6,"6":19,"7":480,"8":3,"9":48,"10":6,"11":8,"12":3},"b":{"0":[7,1],"1":[1,3]},"meta":{"lastBranch":2,"lastFunction":13,"lastStatement":41,"seen":{"f:19:2:19:14":0,"s:20:4:20:Infinity":0,"s:21:4:21:Infinity":1,"s:22:4:22:Infinity":2,"f:26:6:26:25":1,"s:27:4:27:Infinity":3,"f:31:6:31:23":2,"s:32:4:32:Infinity":4,"f:36:6:36:25":3,"s:37:4:37:Infinity":5,"f:41:6:41:13":4,"s:42:4:42:Infinity":6,"f:51:22:51:34":5,"s:52:27:52:Infinity":7,"s:54:20:54:Infinity":8,"s:55:20:55:Infinity":9,"s:57:4:57:Infinity":10,"s:58:4:58:Infinity":11,"s:61:21:64:Infinity":12,"b:67:4:72:Infinity:undefined:undefined:undefined:undefined":0,"s:67:4:72:Infinity":13,"s:68:6:71:Infinity":14,"s:74:4:74:Infinity":15,"f:80:2:80:9":6,"s:81:4:83:Infinity":16,"f:82:11:82:12":7,"s:82:18:82:49":17,"f:89:2:89:10":8,"s:90:18:92:Infinity":18,"f:91:32:91:33":9,"s:91:42:91:60":19,"s:94:4:94:Infinity":20,"f:101:22:101:34":10,"s:102:20:111:Infinity":21,"b:113:4:115:Infinity:undefined:undefined:undefined:undefined":1,"s:113:4:115:Infinity":22,"s:114:6:114:Infinity":23,"s:117:16:117:Infinity":24,"s:120:20:120:Infinity":25,"s:121:4:121:Infinity":26,"s:122:4:122:Infinity":27,"s:124:4:124:Infinity":28,"f:131:8:131:21":11,"s:132:16:132:Infinity":29,"s:135:24:141:Infinity":30,"s:143:17:143:Infinity":31,"s:146:24:155:Infinity":32,"s:157:4:160:Infinity":33,"f:167:8:167:23":12,"s:168:16:168:Infinity":34,"s:171:24:177:Infinity":35,"s:179:20:179:Infinity":36,"s:182:22:182:Infinity":37,"s:185:24:194:Infinity":38,"s:196:20:196:Infinity":39,"s:199:4:199:Infinity":40}}}
,"C:\\Users\\Moulik\\Documents\\CODING\\2452-project\\src\\model\\connection.ts": {"path":"C:\\Users\\Moulik\\Documents\\CODING\\2452-project\\src\\model\\connection.ts","statementMap":{"0":{"start":{"line":5,"column":2},"end":{"line":7,"column":null}},"1":{"start":{"line":9,"column":0},"end":{"line":9,"column":null}},"2":{"start":{"line":11,"column":17},"end":{"line":11,"column":null}},"3":{"start":{"line":13,"column":0},"end":{"line":16,"column":null}},"4":{"start":{"line":15,"column":2},"end":{"line":15,"column":null}},"5":{"start":{"line":19,"column":2},"end":{"line":19,"column":null}}},"fnMap":{"0":{"name":"db","decl":{"start":{"line":18,"column":24},"end":{"line":18,"column":29}},"loc":{"start":{"line":18,"column":29},"end":{"line":20,"column":null}},"line":18}},"branchMap":{"0":{"loc":{"start":{"line":5,"column":2},"end":{"line":7,"column":null}},"type":"cond-expr","locations":[{"start":{"line":6,"column":6},"end":{"line":6,"column":null}},{"start":{"line":7,"column":6},"end":{"line":7,"column":null}}],"line":5},"1":{"loc":{"start":{"line":13,"column":0},"end":{"line":16,"column":null}},"type":"if","locations":[{"start":{"line":13,"column":0},"end":{"line":16,"column":null}},{"start":{},"end":{}}],"line":13}},"s":{"0":6,"1":6,"2":6,"3":6,"4":6,"5":37},"f":{"0":37},"b":{"0":[6,0],"1":[6,0]},"meta":{"lastBranch":2,"lastFunction":1,"lastStatement":6,"seen":{"s:5:2:7:Infinity":0,"b:6:6:6:Infinity:7:6:7:Infinity":0,"s:9:0:9:Infinity":1,"s:11:17:11:Infinity":2,"b:13:0:16:Infinity:undefined:undefined:undefined:undefined":1,"s:13:0:16:Infinity":3,"s:15:2:15:Infinity":4,"f:18:24:18:29":0,"s:19:2:19:Infinity":5}}}
,"C:\\Users\\Moulik\\Documents\\CODING\\2452-project\\src\\model\\Building\\Building.ts": {"path":"C:\\Users\\Moulik\\Documents\\CODING\\2452-project\\src\\model\\Building\\Building.ts","statementMap":{"0":{"start":{"line":11,"column":28},"end":{"line":11,"column":null}},"1":{"start":{"line":14,"column":4},"end":{"line":17,"column":null}},"2":{"start":{"line":18,"column":4},"end":{"line":21,"column":null}},"3":{"start":{"line":22,"column":4},"end":{"line":22,"column":null}},"4":{"start":{"line":23,"column":4},"end":{"line":23,"column":null}},"5":{"start":{"line":28,"column":4},"end":{"line":28,"column":null}},"6":{"start":{"line":33,"column":4},"end":{"line":33,"column":null}},"7":{"start":{"line":38,"column":4},"end":{"line":38,"column":null}},"8":{"start":{"line":43,"column":4},"end":{"line":43,"column":null}},"9":{"start":{"line":50,"column":4},"end":{"line":50,"column":null}},"10":{"start":{"line":51,"column":4},"end":{"line":51,"column":null}},"11":{"start":{"line":59,"column":4},"end":{"line":59,"column":null}},"12":{"start":{"line":60,"column":4},"end":{"line":60,"column":null}}},"fnMap":{"0":{"name":"(anonymous_0)","decl":{"start":{"line":13,"column":2},"end":{"line":13,"column":27}},"loc":{"start":{"line":13,"column":27},"end":{"line":24,"column":null}},"line":13},"1":{"name":"(anonymous_1)","decl":{"start":{"line":27,"column":13},"end":{"line":27,"column":36}},"loc":{"start":{"line":27,"column":36},"end":{"line":29,"column":null}},"line":27},"2":{"name":"(anonymous_2)","decl":{"start":{"line":32,"column":13},"end":{"line":32,"column":33}},"loc":{"start":{"line":32,"column":33},"end":{"line":34,"column":null}},"line":32},"3":{"name":"(anonymous_3)","decl":{"start":{"line":37,"column":13},"end":{"line":37,"column":37}},"loc":{"start":{"line":37,"column":37},"end":{"line":39,"column":null}},"line":37},"4":{"name":"(anonymous_4)","decl":{"start":{"line":42,"column":13},"end":{"line":42,"column":39}},"loc":{"start":{"line":42,"column":39},"end":{"line":44,"column":null}},"line":42},"5":{"name":"(anonymous_5)","decl":{"start":{"line":49,"column":9},"end":{"line":49,"column":31}},"loc":{"start":{"line":49,"column":31},"end":{"line":52,"column":null}},"line":49},"6":{"name":"(anonymous_6)","decl":{"start":{"line":58,"column":9},"end":{"line":58,"column":19}},"loc":{"start":{"line":58,"column":43},"end":{"line":61,"column":null}},"line":58}},"branchMap":{"0":{"loc":{"start":{"line":19,"column":6},"end":{"line":19,"column":null}},"type":"binary-expr","locations":[{"start":{"line":19,"column":6},"end":{"line":19,"column":27}},{"start":{"line":19,"column":27},"end":{"line":19,"column":null}}],"line":19}},"s":{"0":84,"1":12,"2":12,"3":12,"4":12,"5":12,"6":7,"7":11,"8":5,"9":8,"10":8,"11":4,"12":4},"f":{"0":12,"1":12,"2":7,"3":11,"4":5,"5":8,"6":4},"b":{"0":[12,0]},"meta":{"lastBranch":1,"lastFunction":7,"lastStatement":13,"seen":{"s:11:28:11:Infinity":0,"f:13:2:13:27":0,"s:14:4:17:Infinity":1,"s:18:4:21:Infinity":2,"b:19:6:19:27:19:27:19:Infinity":0,"s:22:4:22:Infinity":3,"s:23:4:23:Infinity":4,"f:27:13:27:36":1,"s:28:4:28:Infinity":5,"f:32:13:32:33":2,"s:33:4:33:Infinity":6,"f:37:13:37:37":3,"s:38:4:38:Infinity":7,"f:42:13:42:39":4,"s:43:4:43:Infinity":8,"f:49:9:49:31":5,"s:50:4:50:Infinity":9,"s:51:4:51:Infinity":10,"f:58:9:58:19":6,"s:59:4:59:Infinity":11,"s:60:4:60:Infinity":12}}}
,"C:\\Users\\Moulik\\Documents\\CODING\\2452-project\\src\\model\\Building\\DataCentre.ts": {"path":"C:\\Users\\Moulik\\Documents\\CODING\\2452-project\\src\\model\\Building\\DataCentre.ts","statementMap":{"0":{"start":{"line":8,"column":26},"end":{"line":8,"column":null}},"1":{"start":{"line":11,"column":43},"end":{"line":11,"column":null}},"2":{"start":{"line":18,"column":4},"end":{"line":18,"column":null}},"3":{"start":{"line":20,"column":4},"end":{"line":20,"column":null}},"4":{"start":{"line":23,"column":4},"end":{"line":23,"column":null}},"5":{"start":{"line":26,"column":4},"end":{"line":26,"column":null}}},"fnMap":{"0":{"name":"(anonymous_0)","decl":{"start":{"line":17,"column":9},"end":{"line":17,"column":23}},"loc":{"start":{"line":17,"column":23},"end":{"line":28,"column":null}},"line":17}},"branchMap":{},"s":{"0":6,"1":6,"2":42,"3":42,"4":42,"5":42},"f":{"0":42},"b":{},"meta":{"lastBranch":0,"lastFunction":1,"lastStatement":6,"seen":{"s:8:26:8:Infinity":0,"s:11:43:11:Infinity":1,"f:17:9:17:23":0,"s:18:4:18:Infinity":2,"s:20:4:20:Infinity":3,"s:23:4:23:Infinity":4,"s:26:4:26:Infinity":5}}}
,"C:\\Users\\Moulik\\Documents\\CODING\\2452-project\\src\\model\\Building\\MemoryLeak.ts": {"path":"C:\\Users\\Moulik\\Documents\\CODING\\2452-project\\src\\model\\Building\\MemoryLeak.ts","statementMap":{"0":{"start":{"line":8,"column":26},"end":{"line":8,"column":null}},"1":{"start":{"line":11,"column":43},"end":{"line":11,"column":null}},"2":{"start":{"line":18,"column":4},"end":{"line":18,"column":null}},"3":{"start":{"line":20,"column":4},"end":{"line":20,"column":null}},"4":{"start":{"line":23,"column":4},"end":{"line":23,"column":null}},"5":{"start":{"line":26,"column":4},"end":{"line":26,"column":null}}},"fnMap":{"0":{"name":"(anonymous_0)","decl":{"start":{"line":17,"column":9},"end":{"line":17,"column":23}},"loc":{"start":{"line":17,"column":23},"end":{"line":28,"column":null}},"line":17}},"branchMap":{},"s":{"0":6,"1":6,"2":42,"3":42,"4":42,"5":42},"f":{"0":42},"b":{},"meta":{"lastBranch":0,"lastFunction":1,"lastStatement":6,"seen":{"s:8:26:8:Infinity":0,"s:11:43:11:Infinity":1,"f:17:9:17:23":0,"s:18:4:18:Infinity":2,"s:20:4:20:Infinity":3,"s:23:4:23:Infinity":4,"s:26:4:26:Infinity":5}}}
,"C:\\Users\\Moulik\\Documents\\CODING\\2452-project\\src\\model\\Player\\InsufficientBadCodeError.ts": {"path":"C:\\Users\\Moulik\\Documents\\CODING\\2452-project\\src\\model\\Player\\InsufficientBadCodeError.ts","statementMap":{"0":{"start":{"line":3,"column":4},"end":{"line":3,"column":null}}},"fnMap":{"0":{"name":"(anonymous_0)","decl":{"start":{"line":2,"column":2},"end":{"line":2,"column":16}},"loc":{"start":{"line":2,"column":16},"end":{"line":4,"column":null}},"line":2}},"branchMap":{},"s":{"0":6},"f":{"0":6},"b":{},"meta":{"lastBranch":0,"lastFunction":1,"lastStatement":1,"seen":{"f:2:2:2:16":0,"s:3:4:3:Infinity":0}}}
,"C:\\Users\\Moulik\\Documents\\CODING\\2452-project\\src\\model\\Player\\InvalidAmountError.ts": {"path":"C:\\Users\\Moulik\\Documents\\CODING\\2452-project\\src\\model\\Player\\InvalidAmountError.ts","statementMap":{"0":{"start":{"line":3,"column":4},"end":{"line":3,"column":null}},"1":{"start":{"line":4,"column":4},"end":{"line":4,"column":null}}},"fnMap":{"0":{"name":"(anonymous_0)","decl":{"start":{"line":2,"column":2},"end":{"line":2,"column":16}},"loc":{"start":{"line":2,"column":16},"end":{"line":5,"column":null}},"line":2}},"branchMap":{},"s":{"0":3,"1":3},"f":{"0":3},"b":{},"meta":{"lastBranch":0,"lastFunction":1,"lastStatement":2,"seen":{"f:2:2:2:16":0,"s:3:4:3:Infinity":0,"s:4:4:4:Infinity":1}}}
,"C:\\Users\\Moulik\\Documents\\CODING\\2452-project\\src\\model\\Player\\Player.ts": {"path":"C:\\Users\\Moulik\\Documents\\CODING\\2452-project\\src\\model\\Player\\Player.ts","statementMap":{"0":{"start":{"line":34,"column":4},"end":{"line":37,"column":null}},"1":{"start":{"line":38,"column":4},"end":{"line":41,"column":null}},"2":{"start":{"line":48,"column":4},"end":{"line":48,"column":null}},"3":{"start":{"line":49,"column":4},"end":{"line":49,"column":null}},"4":{"start":{"line":50,"column":4},"end":{"line":50,"column":null}},"5":{"start":{"line":51,"column":4},"end":{"line":51,"column":null}},"6":{"start":{"line":53,"column":4},"end":{"line":53,"column":null}},"7":{"start":{"line":54,"column":4},"end":{"line":54,"column":null}},"8":{"start":{"line":56,"column":4},"end":{"line":56,"column":null}},"9":{"start":{"line":57,"column":4},"end":{"line":57,"column":null}},"10":{"start":{"line":59,"column":4},"end":{"line":59,"column":null}},"11":{"start":{"line":60,"column":4},"end":{"line":60,"column":null}},"12":{"start":{"line":62,"column":4},"end":{"line":62,"column":null}},"13":{"start":{"line":69,"column":4},"end":{"line":69,"column":null}},"14":{"start":{"line":70,"column":4},"end":{"line":70,"column":null}},"15":{"start":{"line":71,"column":4},"end":{"line":71,"column":null}},"16":{"start":{"line":72,"column":4},"end":{"line":72,"column":null}},"17":{"start":{"line":73,"column":4},"end":{"line":73,"column":null}},"18":{"start":{"line":83,"column":4},"end":{"line":89,"column":null}},"19":{"start":{"line":96,"column":20},"end":{"line":110,"column":null}},"20":{"start":{"line":112,"column":4},"end":{"line":112,"column":null}},"21":{"start":{"line":113,"column":4},"end":{"line":113,"column":null}},"22":{"start":{"line":123,"column":4},"end":{"line":129,"column":null}},"23":{"start":{"line":140,"column":4},"end":{"line":140,"column":null}},"24":{"start":{"line":141,"column":4},"end":{"line":141,"column":null}},"25":{"start":{"line":142,"column":4},"end":{"line":142,"column":null}},"26":{"start":{"line":152,"column":20},"end":{"line":166,"column":null}},"27":{"start":{"line":168,"column":4},"end":{"line":170,"column":null}},"28":{"start":{"line":169,"column":6},"end":{"line":169,"column":null}},"29":{"start":{"line":172,"column":16},"end":{"line":172,"column":null}},"30":{"start":{"line":173,"column":19},"end":{"line":173,"column":null}},"31":{"start":{"line":175,"column":4},"end":{"line":175,"column":null}},"32":{"start":{"line":177,"column":4},"end":{"line":177,"column":null}},"33":{"start":{"line":178,"column":4},"end":{"line":178,"column":null}},"34":{"start":{"line":180,"column":4},"end":{"line":180,"column":null}},"35":{"start":{"line":187,"column":20},"end":{"line":195,"column":null}},"36":{"start":{"line":197,"column":4},"end":{"line":203,"column":null}},"37":{"start":{"line":198,"column":6},"end":{"line":202,"column":null}},"38":{"start":{"line":199,"column":8},"end":{"line":199,"column":null}},"39":{"start":{"line":200,"column":6},"end":{"line":202,"column":null}},"40":{"start":{"line":201,"column":8},"end":{"line":201,"column":null}},"41":{"start":{"line":210,"column":20},"end":{"line":218,"column":null}},"42":{"start":{"line":220,"column":4},"end":{"line":226,"column":null}},"43":{"start":{"line":221,"column":6},"end":{"line":225,"column":null}},"44":{"start":{"line":222,"column":8},"end":{"line":222,"column":null}},"45":{"start":{"line":223,"column":6},"end":{"line":225,"column":null}},"46":{"start":{"line":224,"column":8},"end":{"line":224,"column":null}},"47":{"start":{"line":230,"column":4},"end":{"line":230,"column":null}},"48":{"start":{"line":234,"column":4},"end":{"line":234,"column":null}},"49":{"start":{"line":238,"column":4},"end":{"line":238,"column":null}},"50":{"start":{"line":242,"column":4},"end":{"line":242,"column":null}},"51":{"start":{"line":246,"column":4},"end":{"line":246,"column":null}},"52":{"start":{"line":250,"column":4},"end":{"line":250,"column":null}},"53":{"start":{"line":254,"column":4},"end":{"line":254,"column":null}},"54":{"start":{"line":258,"column":4},"end":{"line":258,"column":null}},"55":{"start":{"line":262,"column":4},"end":{"line":262,"column":null}},"56":{"start":{"line":269,"column":4},"end":{"line":269,"column":null}},"57":{"start":{"line":270,"column":4},"end":{"line":270,"column":null}},"58":{"start":{"line":277,"column":4},"end":{"line":277,"column":null}},"59":{"start":{"line":278,"column":4},"end":{"line":278,"column":null}},"60":{"start":{"line":285,"column":4},"end":{"line":285,"column":null}},"61":{"start":{"line":286,"column":4},"end":{"line":286,"column":null}},"62":{"start":{"line":293,"column":4},"end":{"line":293,"column":null}},"63":{"start":{"line":294,"column":4},"end":{"line":294,"column":null}},"64":{"start":{"line":301,"column":4},"end":{"line":301,"column":null}},"65":{"start":{"line":303,"column":4},"end":{"line":303,"column":null}},"66":{"start":{"line":304,"column":4},"end":{"line":304,"column":null}},"67":{"start":{"line":305,"column":4},"end":{"line":305,"column":null}},"68":{"start":{"line":307,"column":4},"end":{"line":307,"column":null}},"69":{"start":{"line":314,"column":4},"end":{"line":314,"column":null}},"70":{"start":{"line":321,"column":4},"end":{"line":321,"column":null}},"71":{"start":{"line":322,"column":4},"end":{"line":322,"column":null}},"72":{"start":{"line":329,"column":4},"end":{"line":329,"column":null}},"73":{"start":{"line":330,"column":4},"end":{"line":330,"column":null}},"74":{"start":{"line":331,"column":4},"end":{"line":331,"column":null}},"75":{"start":{"line":332,"column":4},"end":{"line":332,"column":null}},"76":{"start":{"line":339,"column":4},"end":{"line":339,"column":null}},"77":{"start":{"line":339,"column":20},"end":{"line":339,"column":null}},"78":{"start":{"line":341,"column":4},"end":{"line":341,"column":null}},"79":{"start":{"line":342,"column":4},"end":{"line":342,"column":null}},"80":{"start":{"line":349,"column":4},"end":{"line":349,"column":null}},"81":{"start":{"line":349,"column":20},"end":{"line":349,"column":null}},"82":{"start":{"line":350,"column":4},"end":{"line":350,"column":null}},"83":{"start":{"line":350,"column":32},"end":{"line":350,"column":null}},"84":{"start":{"line":352,"column":4},"end":{"line":352,"column":null}},"85":{"start":{"line":353,"column":4},"end":{"line":353,"column":null}},"86":{"start":{"line":360,"column":4},"end":{"line":360,"column":null}},"87":{"start":{"line":361,"column":4},"end":{"line":361,"column":null}},"88":{"start":{"line":368,"column":4},"end":{"line":368,"column":null}},"89":{"start":{"line":368,"column":20},"end":{"line":368,"column":null}},"90":{"start":{"line":370,"column":4},"end":{"line":370,"column":null}},"91":{"start":{"line":371,"column":4},"end":{"line":371,"column":null}},"92":{"start":{"line":378,"column":4},"end":{"line":378,"column":null}},"93":{"start":{"line":385,"column":4},"end":{"line":385,"column":null}},"94":{"start":{"line":385,"column":35},"end":{"line":385,"column":45}}},"fnMap":{"0":{"name":"(anonymous_0)","decl":{"start":{"line":33,"column":2},"end":{"line":33,"column":27}},"loc":{"start":{"line":33,"column":27},"end":{"line":42,"column":null}},"line":33},"1":{"name":"(anonymous_1)","decl":{"start":{"line":47,"column":2},"end":{"line":47,"column":14}},"loc":{"start":{"line":47,"column":46},"end":{"line":63,"column":null}},"line":47},"2":{"name":"(anonymous_2)","decl":{"start":{"line":68,"column":15},"end":{"line":68,"column":40}},"loc":{"start":{"line":68,"column":40},"end":{"line":74,"column":null}},"line":68},"3":{"name":"(anonymous_3)","decl":{"start":{"line":79,"column":22},"end":{"line":79,"column":null}},"loc":{"start":{"line":82,"column":19},"end":{"line":90,"column":null}},"line":82},"4":{"name":"(anonymous_4)","decl":{"start":{"line":95,"column":22},"end":{"line":95,"column":33}},"loc":{"start":{"line":95,"column":66},"end":{"line":114,"column":null}},"line":95},"5":{"name":"(anonymous_5)","decl":{"start":{"line":119,"column":22},"end":{"line":119,"column":null}},"loc":{"start":{"line":122,"column":19},"end":{"line":130,"column":null}},"line":122},"6":{"name":"(anonymous_6)","decl":{"start":{"line":135,"column":9},"end":{"line":135,"column":null}},"loc":{"start":{"line":139,"column":10},"end":{"line":143,"column":null}},"line":139},"7":{"name":"(anonymous_7)","decl":{"start":{"line":148,"column":22},"end":{"line":148,"column":null}},"loc":{"start":{"line":151,"column":28},"end":{"line":181,"column":null}},"line":151},"8":{"name":"(anonymous_8)","decl":{"start":{"line":186,"column":15},"end":{"line":186,"column":50}},"loc":{"start":{"line":186,"column":50},"end":{"line":204,"column":null}},"line":186},"9":{"name":"(anonymous_9)","decl":{"start":{"line":209,"column":15},"end":{"line":209,"column":51}},"loc":{"start":{"line":209,"column":51},"end":{"line":227,"column":null}},"line":209},"10":{"name":"(anonymous_10)","decl":{"start":{"line":229,"column":6},"end":{"line":229,"column":36}},"loc":{"start":{"line":229,"column":36},"end":{"line":231,"column":null}},"line":229},"11":{"name":"(anonymous_11)","decl":{"start":{"line":233,"column":6},"end":{"line":233,"column":21}},"loc":{"start":{"line":233,"column":21},"end":{"line":235,"column":null}},"line":233},"12":{"name":"(anonymous_12)","decl":{"start":{"line":237,"column":6},"end":{"line":237,"column":11}},"loc":{"start":{"line":237,"column":25},"end":{"line":239,"column":null}},"line":237},"13":{"name":"(anonymous_13)","decl":{"start":{"line":241,"column":6},"end":{"line":241,"column":24}},"loc":{"start":{"line":241,"column":24},"end":{"line":243,"column":null}},"line":241},"14":{"name":"(anonymous_14)","decl":{"start":{"line":245,"column":6},"end":{"line":245,"column":27}},"loc":{"start":{"line":245,"column":27},"end":{"line":247,"column":null}},"line":245},"15":{"name":"(anonymous_15)","decl":{"start":{"line":249,"column":6},"end":{"line":249,"column":36}},"loc":{"start":{"line":249,"column":36},"end":{"line":251,"column":null}},"line":249},"16":{"name":"(anonymous_16)","decl":{"start":{"line":253,"column":6},"end":{"line":253,"column":33}},"loc":{"start":{"line":253,"column":33},"end":{"line":255,"column":null}},"line":253},"17":{"name":"(anonymous_17)","decl":{"start":{"line":257,"column":6},"end":{"line":257,"column":31}},"loc":{"start":{"line":257,"column":31},"end":{"line":259,"column":null}},"line":257},"18":{"name":"(anonymous_18)","decl":{"start":{"line":261,"column":6},"end":{"line":261,"column":31}},"loc":{"start":{"line":261,"column":31},"end":{"line":263,"column":null}},"line":261},"19":{"name":"(anonymous_19)","decl":{"start":{"line":268,"column":9},"end":{"line":268,"column":39}},"loc":{"start":{"line":268,"column":39},"end":{"line":271,"column":null}},"line":268},"20":{"name":"(anonymous_20)","decl":{"start":{"line":276,"column":9},"end":{"line":276,"column":36}},"loc":{"start":{"line":276,"column":36},"end":{"line":279,"column":null}},"line":276},"21":{"name":"(anonymous_21)","decl":{"start":{"line":284,"column":9},"end":{"line":284,"column":36}},"loc":{"start":{"line":284,"column":36},"end":{"line":287,"column":null}},"line":284},"22":{"name":"(anonymous_22)","decl":{"start":{"line":292,"column":9},"end":{"line":292,"column":36}},"loc":{"start":{"line":292,"column":36},"end":{"line":295,"column":null}},"line":292},"23":{"name":"(anonymous_23)","decl":{"start":{"line":300,"column":9},"end":{"line":300,"column":18}},"loc":{"start":{"line":300,"column":42},"end":{"line":308,"column":null}},"line":300},"24":{"name":"(anonymous_24)","decl":{"start":{"line":313,"column":2},"end":{"line":313,"column":9}},"loc":{"start":{"line":313,"column":33},"end":{"line":315,"column":null}},"line":313},"25":{"name":"(anonymous_25)","decl":{"start":{"line":320,"column":9},"end":{"line":320,"column":27}},"loc":{"start":{"line":320,"column":27},"end":{"line":323,"column":null}},"line":320},"26":{"name":"(anonymous_26)","decl":{"start":{"line":328,"column":9},"end":{"line":328,"column":26}},"loc":{"start":{"line":328,"column":52},"end":{"line":333,"column":null}},"line":328},"27":{"name":"(anonymous_27)","decl":{"start":{"line":338,"column":9},"end":{"line":338,"column":37}},"loc":{"start":{"line":338,"column":59},"end":{"line":343,"column":null}},"line":338},"28":{"name":"(anonymous_28)","decl":{"start":{"line":348,"column":9},"end":{"line":348,"column":15}},"loc":{"start":{"line":348,"column":37},"end":{"line":354,"column":null}},"line":348},"29":{"name":"(anonymous_29)","decl":{"start":{"line":359,"column":9},"end":{"line":359,"column":32}},"loc":{"start":{"line":359,"column":32},"end":{"line":362,"column":null}},"line":359},"30":{"name":"(anonymous_30)","decl":{"start":{"line":367,"column":9},"end":{"line":367,"column":28}},"loc":{"start":{"line":367,"column":50},"end":{"line":372,"column":null}},"line":367},"31":{"name":"(anonymous_31)","decl":{"start":{"line":377,"column":9},"end":{"line":377,"column":26}},"loc":{"start":{"line":377,"column":52},"end":{"line":379,"column":null}},"line":377},"32":{"name":"(anonymous_32)","decl":{"start":{"line":384,"column":2},"end":{"line":384,"column":21}},"loc":{"start":{"line":384,"column":21},"end":{"line":386,"column":null}},"line":384},"33":{"name":"(anonymous_33)","decl":{"start":{"line":385,"column":28},"end":{"line":385,"column":29}},"loc":{"start":{"line":385,"column":35},"end":{"line":385,"column":45}},"line":385}},"branchMap":{"0":{"loc":{"start":{"line":168,"column":4},"end":{"line":170,"column":null}},"type":"if","locations":[{"start":{"line":168,"column":4},"end":{"line":170,"column":null}},{"start":{},"end":{}}],"line":168},"1":{"loc":{"start":{"line":198,"column":6},"end":{"line":202,"column":null}},"type":"if","locations":[{"start":{"line":198,"column":6},"end":{"line":202,"column":null}},{"start":{"line":200,"column":6},"end":{"line":202,"column":null}}],"line":198},"2":{"loc":{"start":{"line":200,"column":6},"end":{"line":202,"column":null}},"type":"if","locations":[{"start":{"line":200,"column":6},"end":{"line":202,"column":null}},{"start":{},"end":{}}],"line":200},"3":{"loc":{"start":{"line":221,"column":6},"end":{"line":225,"column":null}},"type":"if","locations":[{"start":{"line":221,"column":6},"end":{"line":225,"column":null}},{"start":{"line":223,"column":6},"end":{"line":225,"column":null}}],"line":221},"4":{"loc":{"start":{"line":223,"column":6},"end":{"line":225,"column":null}},"type":"if","locations":[{"start":{"line":223,"column":6},"end":{"line":225,"column":null}},{"start":{},"end":{}}],"line":223},"5":{"loc":{"start":{"line":339,"column":4},"end":{"line":339,"column":null}},"type":"if","locations":[{"start":{"line":339,"column":4},"end":{"line":339,"column":null}},{"start":{},"end":{}}],"line":339},"6":{"loc":{"start":{"line":349,"column":4},"end":{"line":349,"column":null}},"type":"if","locations":[{"start":{"line":349,"column":4},"end":{"line":349,"column":null}},{"start":{},"end":{}}],"line":349},"7":{"loc":{"start":{"line":350,"column":4},"end":{"line":350,"column":null}},"type":"if","locations":[{"start":{"line":350,"column":4},"end":{"line":350,"column":null}},{"start":{},"end":{}}],"line":350},"8":{"loc":{"start":{"line":368,"column":4},"end":{"line":368,"column":null}},"type":"if","locations":[{"start":{"line":368,"column":4},"end":{"line":368,"column":null}},{"start":{},"end":{}}],"line":368}},"s":{"0":58,"1":58,"2":40,"3":40,"4":40,"5":40,"6":40,"7":40,"8":40,"9":40,"10":40,"11":40,"12":40,"13":2,"14":2,"15":2,"16":2,"17":2,"18":4,"19":2,"20":2,"21":2,"22":4,"23":2,"24":2,"25":2,"26":2,"27":2,"28":0,"29":2,"30":2,"31":2,"32":2,"33":2,"34":2,"35":2,"36":2,"37":4,"38":2,"39":2,"40":2,"41":2,"42":2,"43":4,"44":2,"45":2,"46":2,"47":5,"48":14,"49":2,"50":16,"51":9,"52":9,"53":7,"54":8,"55":5,"56":5,"57":5,"58":5,"59":5,"60":4,"61":4,"62":1,"63":1,"64":10,"65":10,"66":10,"67":10,"68":10,"69":8,"70":15,"71":15,"72":5,"73":5,"74":5,"75":5,"76":6,"77":1,"78":5,"79":5,"80":19,"81":1,"82":18,"83":18,"84":12,"85":12,"86":1,"87":1,"88":22,"89":1,"90":21,"91":21,"92":1,"93":68,"94":1},"f":{"0":58,"1":40,"2":2,"3":6,"4":6,"5":6,"6":2,"7":6,"8":2,"9":2,"10":5,"11":14,"12":2,"13":16,"14":9,"15":9,"16":7,"17":8,"18":5,"19":5,"20":5,"21":4,"22":1,"23":10,"24":8,"25":15,"26":5,"27":6,"28":19,"29":1,"30":22,"31":1,"32":68,"33":1},"b":{"0":[0,2],"1":[2,2],"2":[2,0],"3":[2,2],"4":[2,0],"5":[1,5],"6":[1,18],"7":[6,12],"8":[1,21]},"meta":{"lastBranch":9,"lastFunction":34,"lastStatement":95,"seen":{"f:33:2:33:27":0,"s:34:4:37:Infinity":0,"s:38:4:41:Infinity":1,"f:47:2:47:14":1,"s:48:4:48:Infinity":2,"s:49:4:49:Infinity":3,"s:50:4:50:Infinity":4,"s:51:4:51:Infinity":5,"s:53:4:53:Infinity":6,"s:54:4:54:Infinity":7,"s:56:4:56:Infinity":8,"s:57:4:57:Infinity":9,"s:59:4:59:Infinity":10,"s:60:4:60:Infinity":11,"s:62:4:62:Infinity":12,"f:68:15:68:40":2,"s:69:4:69:Infinity":13,"s:70:4:70:Infinity":14,"s:71:4:71:Infinity":15,"s:72:4:72:Infinity":16,"s:73:4:73:Infinity":17,"f:79:22:79:Infinity":3,"s:83:4:89:Infinity":18,"f:95:22:95:33":4,"s:96:20:110:Infinity":19,"s:112:4:112:Infinity":20,"s:113:4:113:Infinity":21,"f:119:22:119:Infinity":5,"s:123:4:129:Infinity":22,"f:135:9:135:Infinity":6,"s:140:4:140:Infinity":23,"s:141:4:141:Infinity":24,"s:142:4:142:Infinity":25,"f:148:22:148:Infinity":7,"s:152:20:166:Infinity":26,"b:168:4:170:Infinity:undefined:undefined:undefined:undefined":0,"s:168:4:170:Infinity":27,"s:169:6:169:Infinity":28,"s:172:16:172:Infinity":29,"s:173:19:173:Infinity":30,"s:175:4:175:Infinity":31,"s:177:4:177:Infinity":32,"s:178:4:178:Infinity":33,"s:180:4:180:Infinity":34,"f:186:15:186:50":8,"s:187:20:195:Infinity":35,"s:197:4:203:Infinity":36,"b:198:6:202:Infinity:200:6:202:Infinity":1,"s:198:6:202:Infinity":37,"s:199:8:199:Infinity":38,"b:200:6:202:Infinity:undefined:undefined:undefined:undefined":2,"s:200:6:202:Infinity":39,"s:201:8:201:Infinity":40,"f:209:15:209:51":9,"s:210:20:218:Infinity":41,"s:220:4:226:Infinity":42,"b:221:6:225:Infinity:223:6:225:Infinity":3,"s:221:6:225:Infinity":43,"s:222:8:222:Infinity":44,"b:223:6:225:Infinity:undefined:undefined:undefined:undefined":4,"s:223:6:225:Infinity":45,"s:224:8:224:Infinity":46,"f:229:6:229:36":10,"s:230:4:230:Infinity":47,"f:233:6:233:21":11,"s:234:4:234:Infinity":48,"f:237:6:237:11":12,"s:238:4:238:Infinity":49,"f:241:6:241:24":13,"s:242:4:242:Infinity":50,"f:245:6:245:27":14,"s:246:4:246:Infinity":51,"f:249:6:249:36":15,"s:250:4:250:Infinity":52,"f:253:6:253:33":16,"s:254:4:254:Infinity":53,"f:257:6:257:31":17,"s:258:4:258:Infinity":54,"f:261:6:261:31":18,"s:262:4:262:Infinity":55,"f:268:9:268:39":19,"s:269:4:269:Infinity":56,"s:270:4:270:Infinity":57,"f:276:9:276:36":20,"s:277:4:277:Infinity":58,"s:278:4:278:Infinity":59,"f:284:9:284:36":21,"s:285:4:285:Infinity":60,"s:286:4:286:Infinity":61,"f:292:9:292:36":22,"s:293:4:293:Infinity":62,"s:294:4:294:Infinity":63,"f:300:9:300:18":23,"s:301:4:301:Infinity":64,"s:303:4:303:Infinity":65,"s:304:4:304:Infinity":66,"s:305:4:305:Infinity":67,"s:307:4:307:Infinity":68,"f:313:2:313:9":24,"s:314:4:314:Infinity":69,"f:320:9:320:27":25,"s:321:4:321:Infinity":70,"s:322:4:322:Infinity":71,"f:328:9:328:26":26,"s:329:4:329:Infinity":72,"s:330:4:330:Infinity":73,"s:331:4:331:Infinity":74,"s:332:4:332:Infinity":75,"f:338:9:338:37":27,"b:339:4:339:Infinity:undefined:undefined:undefined:undefined":5,"s:339:4:339:Infinity":76,"s:339:20:339:Infinity":77,"s:341:4:341:Infinity":78,"s:342:4:342:Infinity":79,"f:348:9:348:15":28,"b:349:4:349:Infinity:undefined:undefined:undefined:undefined":6,"s:349:4:349:Infinity":80,"s:349:20:349:Infinity":81,"b:350:4:350:Infinity:undefined:undefined:undefined:undefined":7,"s:350:4:350:Infinity":82,"s:350:32:350:Infinity":83,"s:352:4:352:Infinity":84,"s:353:4:353:Infinity":85,"f:359:9:359:32":29,"s:360:4:360:Infinity":86,"s:361:4:361:Infinity":87,"f:367:9:367:28":30,"b:368:4:368:Infinity:undefined:undefined:undefined:undefined":8,"s:368:4:368:Infinity":88,"s:368:20:368:Infinity":89,"s:370:4:370:Infinity":90,"s:371:4:371:Infinity":91,"f:377:9:377:26":31,"s:378:4:378:Infinity":92,"f:384:2:384:21":32,"s:385:4:385:Infinity":93,"f:385:28:385:29":33,"s:385:35:385:45":94}}}
,"C:\\Users\\Moulik\\Documents\\CODING\\2452-project\\src\\model\\Upgrade\\AIFacilitatedChatBot.ts": {"path":"C:\\Users\\Moulik\\Documents\\CODING\\2452-project\\src\\model\\Upgrade\\AIFacilitatedChatBot.ts","statementMap":{"0":{"start":{"line":8,"column":25},"end":{"line":8,"column":null}},"1":{"start":{"line":9,"column":38},"end":{"line":9,"column":null}},"2":{"start":{"line":15,"column":4},"end":{"line":15,"column":null}},"3":{"start":{"line":17,"column":4},"end":{"line":17,"column":null}},"4":{"start":{"line":20,"column":4},"end":{"line":20,"column":null}},"5":{"start":{"line":23,"column":4},"end":{"line":23,"column":null}}},"fnMap":{"0":{"name":"(anonymous_0)","decl":{"start":{"line":14,"column":2},"end":{"line":14,"column":16}},"loc":{"start":{"line":14,"column":16},"end":{"line":25,"column":null}},"line":14}},"branchMap":{},"s":{"0":6,"1":6,"2":40,"3":40,"4":40,"5":40},"f":{"0":40},"b":{},"meta":{"lastBranch":0,"lastFunction":1,"lastStatement":6,"seen":{"s:8:25:8:Infinity":0,"s:9:38:9:Infinity":1,"f:14:2:14:16":0,"s:15:4:15:Infinity":2,"s:17:4:17:Infinity":3,"s:20:4:20:Infinity":4,"s:23:4:23:Infinity":5}}}
,"C:\\Users\\Moulik\\Documents\\CODING\\2452-project\\src\\model\\Upgrade\\Upgrade.ts": {"path":"C:\\Users\\Moulik\\Documents\\CODING\\2452-project\\src\\model\\Upgrade\\Upgrade.ts","statementMap":{"0":{"start":{"line":11,"column":28},"end":{"line":11,"column":null}},"1":{"start":{"line":17,"column":4},"end":{"line":20,"column":null}},"2":{"start":{"line":21,"column":4},"end":{"line":21,"column":null}},"3":{"start":{"line":22,"column":4},"end":{"line":25,"column":null}},"4":{"start":{"line":26,"column":4},"end":{"line":26,"column":null}},"5":{"start":{"line":30,"column":4},"end":{"line":30,"column":null}},"6":{"start":{"line":34,"column":4},"end":{"line":34,"column":null}},"7":{"start":{"line":38,"column":4},"end":{"line":38,"column":null}},"8":{"start":{"line":42,"column":4},"end":{"line":42,"column":null}},"9":{"start":{"line":49,"column":4},"end":{"line":49,"column":null}},"10":{"start":{"line":50,"column":4},"end":{"line":50,"column":null}},"11":{"start":{"line":51,"column":4},"end":{"line":51,"column":null}},"12":{"start":{"line":58,"column":4},"end":{"line":58,"column":null}},"13":{"start":{"line":59,"column":4},"end":{"line":59,"column":null}}},"fnMap":{"0":{"name":"(anonymous_0)","decl":{"start":{"line":16,"column":2},"end":{"line":16,"column":27}},"loc":{"start":{"line":16,"column":27},"end":{"line":27,"column":null}},"line":16},"1":{"name":"(anonymous_1)","decl":{"start":{"line":29,"column":6},"end":{"line":29,"column":28}},"loc":{"start":{"line":29,"column":28},"end":{"line":31,"column":null}},"line":29},"2":{"name":"(anonymous_2)","decl":{"start":{"line":33,"column":6},"end":{"line":33,"column":26}},"loc":{"start":{"line":33,"column":26},"end":{"line":35,"column":null}},"line":33},"3":{"name":"(anonymous_3)","decl":{"start":{"line":37,"column":6},"end":{"line":37,"column":29}},"loc":{"start":{"line":37,"column":29},"end":{"line":39,"column":null}},"line":37},"4":{"name":"(anonymous_4)","decl":{"start":{"line":41,"column":6},"end":{"line":41,"column":40}},"loc":{"start":{"line":41,"column":40},"end":{"line":43,"column":null}},"line":41},"5":{"name":"(anonymous_5)","decl":{"start":{"line":48,"column":9},"end":{"line":48,"column":31}},"loc":{"start":{"line":48,"column":31},"end":{"line":52,"column":null}},"line":48},"6":{"name":"(anonymous_6)","decl":{"start":{"line":57,"column":9},"end":{"line":57,"column":19}},"loc":{"start":{"line":57,"column":40},"end":{"line":60,"column":null}},"line":57}},"branchMap":{"0":{"loc":{"start":{"line":18,"column":6},"end":{"line":18,"column":null}},"type":"binary-expr","locations":[{"start":{"line":18,"column":6},"end":{"line":18,"column":27}},{"start":{"line":18,"column":27},"end":{"line":18,"column":null}}],"line":18}},"s":{"0":80,"1":20,"2":20,"3":20,"4":20,"5":10,"6":12,"7":8,"8":8,"9":8,"10":8,"11":8,"12":4,"13":4},"f":{"0":20,"1":10,"2":12,"3":8,"4":8,"5":8,"6":4},"b":{"0":[20,0]},"meta":{"lastBranch":1,"lastFunction":7,"lastStatement":14,"seen":{"s:11:28:11:Infinity":0,"f:16:2:16:27":0,"s:17:4:20:Infinity":1,"b:18:6:18:27:18:27:18:Infinity":0,"s:21:4:21:Infinity":2,"s:22:4:25:Infinity":3,"s:26:4:26:Infinity":4,"f:29:6:29:28":1,"s:30:4:30:Infinity":5,"f:33:6:33:26":2,"s:34:4:34:Infinity":6,"f:37:6:37:29":3,"s:38:4:38:Infinity":7,"f:41:6:41:40":4,"s:42:4:42:Infinity":8,"f:48:9:48:31":5,"s:49:4:49:Infinity":9,"s:50:4:50:Infinity":10,"s:51:4:51:Infinity":11,"f:57:9:57:19":6,"s:58:4:58:Infinity":12,"s:59:4:59:Infinity":13}}}
,"C:\\Users\\Moulik\\Documents\\CODING\\2452-project\\src\\model\\Upgrade\\VibeCodingIntern.ts": {"path":"C:\\Users\\Moulik\\Documents\\CODING\\2452-project\\src\\model\\Upgrade\\VibeCodingIntern.ts","statementMap":{"0":{"start":{"line":8,"column":25},"end":{"line":8,"column":null}},"1":{"start":{"line":9,"column":38},"end":{"line":9,"column":null}},"2":{"start":{"line":15,"column":4},"end":{"line":15,"column":null}},"3":{"start":{"line":17,"column":4},"end":{"line":17,"column":null}},"4":{"start":{"line":20,"column":4},"end":{"line":20,"column":null}},"5":{"start":{"line":23,"column":4},"end":{"line":23,"column":null}}},"fnMap":{"0":{"name":"(anonymous_0)","decl":{"start":{"line":14,"column":2},"end":{"line":14,"column":16}},"loc":{"start":{"line":14,"column":16},"end":{"line":25,"column":null}},"line":14}},"branchMap":{},"s":{"0":6,"1":6,"2":40,"3":40,"4":40,"5":40},"f":{"0":40},"b":{},"meta":{"lastBranch":0,"lastFunction":1,"lastStatement":6,"seen":{"s:8:25:8:Infinity":0,"s:9:38:9:Infinity":1,"f:14:2:14:16":0,"s:15:4:15:Infinity":2,"s:17:4:17:Infinity":3,"s:20:4:20:Infinity":4,"s:23:4:23:Infinity":5}}}
}
